<?xml version="1.0" encoding="UTF-8"?>
<!-- Generated by org.testng.reporters.JUnitReportReporter -->
<testsuite hostname="LAPTOP-6CB05U1E" name="org.task.AmazonTask1" tests="2" failures="0" timestamp="7 Jan 2021 08:03:35 GMT" time="13.447" errors="0">
  <testcase name="tc2" time="9.752" classname="org.task.AmazonTask1"/>
  <testcase name="tc1" time="3.695" classname="org.task.AmazonTask1"/>
</testsuite> <!-- org.task.AmazonTask1 -->
