<?xml version="1.0" encoding="UTF-8"?>
<!-- Generated by org.testng.reporters.JUnitReportReporter -->
<testsuite hostname="LAPTOP-6CB05U1E" name="org.task.FlipkartTask1" tests="3" failures="0" timestamp="7 Jan 2021 11:24:03 GMT" time="14.583" errors="0">
  <testcase name="tc1" time="6.499" classname="org.task.FlipkartTask1"/>
  <testcase name="tc3" time="1.596" classname="org.task.FlipkartTask1"/>
  <testcase name="tc2" time="6.488" classname="org.task.FlipkartTask1"/>
</testsuite> <!-- org.task.FlipkartTask1 -->
