<?xml version="1.0" encoding="UTF-8"?>
<!-- Generated by org.testng.reporters.JUnitReportReporter -->
<testsuite hostname="LAPTOP-6CB05U1E" name="org.task2.DemoBlaze" tests="1" failures="0" timestamp="8 Jan 2021 09:29:01 GMT" time="20.001" errors="0">
  <testcase name="tc1" time="20.001" classname="org.task2.DemoBlaze"/>
</testsuite> <!-- org.task2.DemoBlaze -->
